<?xml version="1.0" encoding="utf-8"?><testsuites name="pytest tests"><testsuite name="pytest" errors="0" failures="0" skipped="0" tests="12" time="0.485" timestamp="2026-01-31T23:28:39.004121+00:00" hostname="runnervmkj6or"><testcase classname="tests.test_relationships" name="test_relationship_no_orphans" time="0.003" /><testcase classname="tests.test_volume" name="test_volume_exact_match_pass" time="0.001" /><testcase classname="tests.test_volume" name="test_volume_with_empty_target_fails" time="0.001" /><testcase classname="tests.test_volume" name="test_volume_within_tolerance_pass" time="0.001" /><testcase classname="tests.test_volume" name="test_volume_exceeds_tolerance_fails" time="0.001" /><testcase classname="tests.test_volume" name="test_volume_with_empty_source_warns" time="0.001" /><testcase classname="tests.test_volume" name="test_volume_both_empty_pass" time="0.001" /><testcase classname="tests.test_volume" name="test_volume_large_datasets_pass" time="0.007" /><testcase classname="tests.test_volume" name="test_volume_large_datasets_fail" time="0.003" /><testcase classname="tests.test_volume" name="test_volume_negative_tolerance_raises" time="0.001" /><testcase classname="tests.test_volume" name="test_volume_zero_tolerance_strict_match" time="0.001" /><testcase classname="tests.test_volume" name="test_volume_zero_tolerance_strict_mismatch" time="0.001" /></testsuite></testsuites>