<?xml version="1.0" encoding="utf-8"?><testsuites name="pytest tests"><testsuite name="pytest" errors="0" failures="3" skipped="0" tests="12" time="2.807" timestamp="2026-02-01T04:18:41.614473+06:00" hostname="Lappy"><testcase classname="tests.test_relationships" name="test_relationship_no_orphans" time="0.028" /><testcase classname="tests.test_volume" name="test_volume_exact_match_pass" time="0.002" /><testcase classname="tests.test_volume" name="test_volume_with_empty_target_fails" time="0.003" /><testcase classname="tests.test_volume" name="test_volume_within_tolerance_pass" time="0.002"><failure message="assert &lt;CheckStatus.FAIL: 'FAIL'&gt; == &lt;CheckStatus.PASS: 'PASS'&gt;&#10; +  where &lt;CheckStatus.FAIL: 'FAIL'&gt; = TestResult(name='Volume Check: users', status=&lt;CheckStatus.FAIL: 'FAIL'&gt;, message=&quot;Row count difference exceeds tolera...rget: 4, Difference: 20.00%.&quot;, details=None, metrics={'src_rows': 5, 'tgt_rows': 4, 'difference': 1, 'tolerance': 0.3}).status&#10; +  and   &lt;CheckStatus.PASS: 'PASS'&gt; = CheckStatus.PASS">def test_volume_within_tolerance_pass():
        src = pd.DataFrame({"id": [1, 2, 3, 4, 5]})
        tgt = pd.DataFrame({"id": [10, 20, 30, 40]})
    
        result = check_volume("users", src, tgt, tolerance_pct=0.3)
    
&gt;       assert result.status == CheckStatus.PASS
E       assert &lt;CheckStatus.FAIL: 'FAIL'&gt; == &lt;CheckStatus.PASS: 'PASS'&gt;
E        +  where &lt;CheckStatus.FAIL: 'FAIL'&gt; = TestResult(name='Volume Check: users', status=&lt;CheckStatus.FAIL: 'FAIL'&gt;, message="Row count difference exceeds tolera...rget: 4, Difference: 20.00%.", details=None, metrics={'src_rows': 5, 'tgt_rows': 4, 'difference': 1, 'tolerance': 0.3}).status
E        +  and   &lt;CheckStatus.PASS: 'PASS'&gt; = CheckStatus.PASS

tests\test_volume.py:35: AssertionError</failure></testcase><testcase classname="tests.test_volume" name="test_volume_exceeds_tolerance_fails" time="0.002" /><testcase classname="tests.test_volume" name="test_volume_with_empty_source_warns" time="0.003" /><testcase classname="tests.test_volume" name="test_volume_both_empty_pass" time="0.003"><failure message="assert &lt;CheckStatus.WARN: 'WARN'&gt; == &lt;CheckStatus.PASS: 'PASS'&gt;&#10; +  where &lt;CheckStatus.WARN: 'WARN'&gt; = TestResult(name='Volume Check: users', status=&lt;CheckStatus.WARN: 'WARN'&gt;, message=&quot;Source data for table 'users' has zero rows.&quot;, details=None, metrics={'src_rows': 0, 'tgt_rows': 0, 'difference': 0, 'tolerance': 0.1}).status&#10; +  and   &lt;CheckStatus.PASS: 'PASS'&gt; = CheckStatus.PASS">def test_volume_both_empty_pass():
        src = pd.DataFrame(columns=["id"])
        tgt = pd.DataFrame(columns=["id"])
    
        result = check_volume("users", src, tgt, tolerance_pct=0.1)
    
&gt;       assert result.status == CheckStatus.PASS
E       assert &lt;CheckStatus.WARN: 'WARN'&gt; == &lt;CheckStatus.PASS: 'PASS'&gt;
E        +  where &lt;CheckStatus.WARN: 'WARN'&gt; = TestResult(name='Volume Check: users', status=&lt;CheckStatus.WARN: 'WARN'&gt;, message="Source data for table 'users' has zero rows.", details=None, metrics={'src_rows': 0, 'tgt_rows': 0, 'difference': 0, 'tolerance': 0.1}).status
E        +  and   &lt;CheckStatus.PASS: 'PASS'&gt; = CheckStatus.PASS

tests\test_volume.py:71: AssertionError</failure></testcase><testcase classname="tests.test_volume" name="test_volume_large_datasets_pass" time="0.038"><failure message="assert &lt;CheckStatus.FAIL: 'FAIL'&gt; == &lt;CheckStatus.PASS: 'PASS'&gt;&#10; +  where &lt;CheckStatus.FAIL: 'FAIL'&gt; = TestResult(name='Volume Check: users', status=&lt;CheckStatus.FAIL: 'FAIL'&gt;, message=&quot;Row count difference exceeds tolera...ence: 1.00%.&quot;, details=None, metrics={'src_rows': 1000000, 'tgt_rows': 990000, 'difference': 10000, 'tolerance': 0.02}).status&#10; +  and   &lt;CheckStatus.PASS: 'PASS'&gt; = CheckStatus.PASS">def test_volume_large_datasets_pass():
        src = pd.DataFrame({"id": range(1000000)})
        tgt = pd.DataFrame({"id": range(990000)})
    
        result = check_volume("users", src, tgt, tolerance_pct=0.02)
    
&gt;       assert result.status == CheckStatus.PASS
E       assert &lt;CheckStatus.FAIL: 'FAIL'&gt; == &lt;CheckStatus.PASS: 'PASS'&gt;
E        +  where &lt;CheckStatus.FAIL: 'FAIL'&gt; = TestResult(name='Volume Check: users', status=&lt;CheckStatus.FAIL: 'FAIL'&gt;, message="Row count difference exceeds tolera...ence: 1.00%.", details=None, metrics={'src_rows': 1000000, 'tgt_rows': 990000, 'difference': 10000, 'tolerance': 0.02}).status
E        +  and   &lt;CheckStatus.PASS: 'PASS'&gt; = CheckStatus.PASS

tests\test_volume.py:83: AssertionError</failure></testcase><testcase classname="tests.test_volume" name="test_volume_large_datasets_fail" time="0.028" /><testcase classname="tests.test_volume" name="test_volume_negative_tolerance_raises" time="0.007" /><testcase classname="tests.test_volume" name="test_volume_zero_tolerance_strict_match" time="0.006" /><testcase classname="tests.test_volume" name="test_volume_zero_tolerance_strict_mismatch" time="0.003" /></testsuite></testsuites>