<?xml version="1.0" encoding="utf-8"?><testsuites><testsuite name="pytest" errors="0" failures="0" skipped="0" tests="14" time="1.699" timestamp="2026-02-01T06:00:05.837225+06:00" hostname="Lappy"><testcase classname="tests.test_aggregates" name="test_sum_exact_match" time="0.008" /><testcase classname="tests.test_aggregates" name="test_sum_zero_source_warn" time="0.002" /><testcase classname="tests.test_relationships" name="test_relationship_no_orphans" time="0.007" /><testcase classname="tests.test_volume" name="test_volume_exact_match_pass" time="0.001" /><testcase classname="tests.test_volume" name="test_volume_with_empty_target_fails" time="0.002" /><testcase classname="tests.test_volume" name="test_volume_within_tolerance_pass" time="0.001" /><testcase classname="tests.test_volume" name="test_volume_exceeds_tolerance_fails" time="0.001" /><testcase classname="tests.test_volume" name="test_volume_with_empty_source_warns" time="0.001" /><testcase classname="tests.test_volume" name="test_volume_both_empty_pass" time="0.001" /><testcase classname="tests.test_volume" name="test_volume_large_datasets_pass" time="0.011" /><testcase classname="tests.test_volume" name="test_volume_large_datasets_fail" time="0.010" /><testcase classname="tests.test_volume" name="test_volume_negative_tolerance_raises" time="0.001" /><testcase classname="tests.test_volume" name="test_volume_zero_tolerance_strict_match" time="0.001" /><testcase classname="tests.test_volume" name="test_volume_zero_tolerance_strict_mismatch" time="0.001" /></testsuite></testsuites>